::1 - - [06/Nov/2025:22:12:19 +0000] "GET / HTTP/1.1" 200 4067
::1 - - [06/Nov/2025:22:12:19 +0000] "GET /favicon.ico HTTP/1.1" 404 78
::1 - - [06/Nov/2025:22:12:27 +0000] "POST /servicios/dashboard/login HTTP/1.1" 404 92
::1 - - [06/Nov/2025:22:21:19 +0000] "GET / HTTP/1.1" 200 4067
::1 - - [06/Nov/2025:22:21:20 +0000] "GET /favicon.ico HTTP/1.1" 404 78
::1 - - [06/Nov/2025:22:21:49 +0000] "POST /v1/login HTTP/1.1" 404 75
::1 - - [06/Nov/2025:22:23:33 +0000] "GET / HTTP/1.1" 304 -
::1 - - [06/Nov/2025:22:23:48 +0000] "POST /api/v1/login HTTP/1.1" 400 440
::1 - - [06/Nov/2025:22:28:09 +0000] "GET / HTTP/1.1" 304 -
::1 - - [06/Nov/2025:22:41:54 +0000] "GET / HTTP/1.1" 200 4108
::1 - - [06/Nov/2025:22:43:04 +0000] "GET / HTTP/1.1" 304 -
::1 - - [06/Nov/2025:22:48:45 +0000] "GET /.well-known/appspecific/com.chrome.devtools.json HTTP/1.1" 404 115
::1 - - [06/Nov/2025:22:49:25 +0000] "GET / HTTP/1.1" 304 -
::1 - - [06/Nov/2025:22:49:25 +0000] "GET /.well-known/appspecific/com.chrome.devtools.json HTTP/1.1" 404 115
::1 - - [06/Nov/2025:22:59:50 +0000] "GET / HTTP/1.1" 304 -
::1 - - [06/Nov/2025:22:59:57 +0000] "GET /.well-known/appspecific/com.chrome.devtools.json HTTP/1.1" 404 115
::1 - - [06/Nov/2025:23:00:07 +0000] "POST /api/v1/login HTTP/1.1" 200 283
::1 - - [06/Nov/2025:23:00:07 +0000] "GET /api/v1/login HTTP/1.1" 401 -
::1 - - [06/Nov/2025:23:01:09 +0000] "GET / HTTP/1.1" 304 -
::1 - - [06/Nov/2025:23:01:09 +0000] "GET /api/v1/login HTTP/1.1" 401 -
::1 - - [06/Nov/2025:23:01:26 +0000] "GET /.well-known/appspecific/com.chrome.devtools.json HTTP/1.1" 404 115
::1 - - [06/Nov/2025:23:02:30 +0000] "GET / HTTP/1.1" 304 -
::1 - - [06/Nov/2025:23:02:30 +0000] "GET /.well-known/appspecific/com.chrome.devtools.json HTTP/1.1" 404 115
::1 - - [06/Nov/2025:23:02:30 +0000] "GET /api/v1/login HTTP/1.1" 401 -
::1 - - [06/Nov/2025:23:10:42 +0000] "GET / HTTP/1.1" 304 -
::1 - - [06/Nov/2025:23:10:43 +0000] "GET /api/v1/login HTTP/1.1" 404 79
::1 - - [06/Nov/2025:23:11:10 +0000] "GET / HTTP/1.1" 304 -
::1 - - [06/Nov/2025:23:11:10 +0000] "GET /api/v1/login HTTP/1.1" 404 79
::1 - - [06/Nov/2025:23:11:29 +0000] "POST /api/v1/login HTTP/1.1" 200 283
::1 - - [06/Nov/2025:23:11:29 +0000] "GET /api/v1/login HTTP/1.1" 404 79
::1 - - [06/Nov/2025:23:11:39 +0000] "GET /.well-known/appspecific/com.chrome.devtools.json HTTP/1.1" 404 115
::1 - - [06/Nov/2025:23:14:08 +0000] "POST /api/v1/login HTTP/1.1" 200 283
::1 - - [06/Nov/2025:23:14:08 +0000] "GET /api/v1/login HTTP/1.1" 404 79
::1 - - [06/Nov/2025:23:24:29 +0000] "GET / HTTP/1.1" 304 -
::1 - - [06/Nov/2025:23:24:29 +0000] "GET /api/v1/salones HTTP/1.1" 200 1136
::1 - - [06/Nov/2025:23:24:52 +0000] "POST /api/v1/login HTTP/1.1" 200 283
::1 - - [06/Nov/2025:23:25:14 +0000] "GET /servicios/dashboard/reporte-reservas? HTTP/1.1" 404 104
::1 - - [06/Nov/2025:23:38:50 +0000] "GET /servicios/dashboard/reporte-reservas? HTTP/1.1" 404 104
::1 - - [07/Nov/2025:00:32:49 +0000] "GET / HTTP/1.1" 304 -
::1 - - [07/Nov/2025:00:32:56 +0000] "POST /api/v1/login HTTP/1.1" 200 283
::1 - - [07/Nov/2025:00:32:56 +0000] "GET /api/v1/salones HTTP/1.1" 304 -
::1 - - [07/Nov/2025:00:33:26 +0000] "POST /servicios/dashboard/instalar-sps HTTP/1.1" 404 99
::1 - - [07/Nov/2025:00:47:02 +0000] "POST /servicios/dashboard/instalar-sps HTTP/1.1" 404 99
::1 - - [07/Nov/2025:00:48:10 +0000] "GET / HTTP/1.1" 304 -
::1 - - [07/Nov/2025:00:53:41 +0000] "GET / HTTP/1.1" 304 -
::1 - - [07/Nov/2025:00:53:41 +0000] "GET /api/v1/salones HTTP/1.1" 304 -
::1 - - [07/Nov/2025:00:53:47 +0000] "POST /servicios/dashboard/instalar-sps HTTP/1.1" 404 99
::1 - - [07/Nov/2025:00:54:50 +0000] "GET / HTTP/1.1" 304 -
::1 - - [07/Nov/2025:00:54:54 +0000] "POST /api/v1/dashboard/instalar-sps HTTP/1.1" 404 96
::1 - - [07/Nov/2025:02:23:45 +0000] "GET / HTTP/1.1" 304 -
::1 - - [07/Nov/2025:02:23:45 +0000] "GET /api/v1/salones HTTP/1.1" 304 -
::1 - - [07/Nov/2025:02:23:55 +0000] "POST /api/v1/login HTTP/1.1" 200 283
::1 - - [07/Nov/2025:02:24:00 +0000] "POST /api/v1/dashboard/instalar-sps HTTP/1.1" 404 96
::1 - - [07/Nov/2025:02:29:11 +0000] "GET / HTTP/1.1" 304 -
::1 - - [07/Nov/2025:02:29:11 +0000] "GET /api/v1/salones HTTP/1.1" 304 -
::1 - - [07/Nov/2025:02:29:16 +0000] "POST /api/v1/instalar-sps HTTP/1.1" 401 91
::1 - - [07/Nov/2025:02:33:28 +0000] "GET / HTTP/1.1" 304 -
::1 - - [07/Nov/2025:02:33:39 +0000] "POST /api/v1/instalar-sps HTTP/1.1" 403 60
::1 - - [07/Nov/2025:02:34:08 +0000] "GET / HTTP/1.1" 304 -
::1 - - [07/Nov/2025:02:34:17 +0000] "POST /api/v1/login HTTP/1.1" 200 283
::1 - - [07/Nov/2025:02:34:17 +0000] "GET /api/v1/salones HTTP/1.1" 304 -
::1 - - [07/Nov/2025:02:34:21 +0000] "POST /api/v1/instalar-sps HTTP/1.1" 403 60
::1 - - [07/Nov/2025:03:04:59 +0000] "GET / HTTP/1.1" 304 -
::1 - - [07/Nov/2025:03:04:59 +0000] "GET /api/v1/salones HTTP/1.1" 304 -
::1 - - [07/Nov/2025:03:05:03 +0000] "POST /api/v1/instalar-sps HTTP/1.1" 500 215
::1 - - [07/Nov/2025:03:08:37 +0000] "POST /api/v1/instalar-sps HTTP/1.1" 200 126
::1 - - [07/Nov/2025:03:08:52 +0000] "GET /servicios/dashboard/reporte-reservas? HTTP/1.1" 404 104
::1 - - [07/Nov/2025:03:09:24 +0000] "GET / HTTP/1.1" 304 -
::1 - - [07/Nov/2025:03:09:33 +0000] "POST /api/v1/login HTTP/1.1" 200 283
::1 - - [07/Nov/2025:03:09:42 +0000] "POST /api/v1/instalar-sps HTTP/1.1" 200 126
::1 - - [07/Nov/2025:03:17:57 +0000] "GET / HTTP/1.1" 304 -
::1 - - [07/Nov/2025:03:18:05 +0000] "POST /api/v1/login HTTP/1.1" 200 283
::1 - - [07/Nov/2025:03:18:05 +0000] "GET /api/v1/salones HTTP/1.1" 304 -
::1 - - [07/Nov/2025:03:18:09 +0000] "POST /api/v1/instalar-sps HTTP/1.1" 200 126
::1 - - [07/Nov/2025:03:18:15 +0000] "GET /api/v1/reporte-reservas? HTTP/1.1" 200 12016
::1 - - [07/Nov/2025:03:19:15 +0000] "GET /api/v1/reporte-reservas?fecha_inicio=2025-12-09 HTTP/1.1" 200 1306
::1 - - [07/Nov/2025:03:28:11 +0000] "GET / HTTP/1.1" 304 -
::1 - - [07/Nov/2025:03:28:11 +0000] "GET /api/v1/salones HTTP/1.1" 304 -
::1 - - [07/Nov/2025:03:28:16 +0000] "GET /api/v1/reporte-reservas? HTTP/1.1" 304 -
